<?xml version="1.0" encoding="UTF-8"?>
<!-- Generated by org.testng.reporters.JUnitReportReporter -->
<testsuite hostname="DESKTOP-CU5DURS" failures="0" tests="2" name="com.Testng.practice.PracticeTest" time="0.023" errors="0" timestamp="19 Jul 2022 04:46:13 GMT">
  <testcase classname="com.Testng.practice.PracticeTest" name="Test2" time="0.002"/>
  <testcase classname="com.Testng.practice.PracticeTest" name="Test1" time="0.021"/>
</testsuite> <!-- com.Testng.practice.PracticeTest -->
